[05-Apr-2026 04:25:18 UTC] PHP Warning:  Undefined array key "host" in /workspaces/UX221-Assignment-4/.wordpress/wp-includes/pluggable.php on line 1721
[05-Apr-2026 05:23:20 UTC] PHP Fatal error:  Out of memory (allocated 37748736 bytes) (tried to allocate 2097152 bytes) in /workspaces/UX221-Assignment-4/.wordpress/wp-includes/pluggable.php on line 1286
[05-Apr-2026 05:23:30 UTC] PHP Fatal error:  Out of memory (allocated 35651584 bytes) (tried to allocate 2097152 bytes) in /workspaces/UX221-Assignment-4/.wordpress/wp-includes/pluggable.php on line 1286
[05-Apr-2026 05:23:40 UTC] PHP Fatal error:  Out of memory (allocated 33554432 bytes) (tried to allocate 2097152 bytes) in /workspaces/UX221-Assignment-4/.wordpress/wp-includes/pluggable.php on line 1286
[05-Apr-2026 05:23:50 UTC] PHP Fatal error:  Out of memory (allocated 33554432 bytes) (tried to allocate 2097152 bytes) in /workspaces/UX221-Assignment-4/.wordpress/wp-includes/pluggable.php on line 1286
[05-Apr-2026 05:23:58 UTC] PHP Fatal error:  Out of memory (allocated 33554432 bytes) (tried to allocate 2097152 bytes) in /workspaces/UX221-Assignment-4/.wordpress/wp-includes/pluggable.php on line 1637
[05-Apr-2026 05:24:00 UTC] PHP Fatal error:  Out of memory (allocated 33554432 bytes) (tried to allocate 2097152 bytes) in /workspaces/UX221-Assignment-4/.wordpress/wp-includes/pluggable.php on line 1286
[05-Apr-2026 05:24:10 UTC] PHP Fatal error:  Out of memory (allocated 33554432 bytes) (tried to allocate 2097152 bytes) in /workspaces/UX221-Assignment-4/.wordpress/wp-includes/pluggable.php on line 1286
[05-Apr-2026 05:24:20 UTC] PHP Fatal error:  Out of memory (allocated 33554432 bytes) (tried to allocate 2097152 bytes) in /workspaces/UX221-Assignment-4/.wordpress/wp-includes/pluggable.php on line 1286
[05-Apr-2026 05:24:21 UTC] PHP Fatal error:  Out of memory (allocated 33554432 bytes) (tried to allocate 2097152 bytes) in /workspaces/UX221-Assignment-4/.wordpress/wp-includes/pluggable.php on line 1637
[05-Apr-2026 05:24:23 UTC] PHP Fatal error:  Out of memory (allocated 33554432 bytes) (tried to allocate 2097152 bytes) in /workspaces/UX221-Assignment-4/.wordpress/wp-includes/pluggable.php on line 1637
[05-Apr-2026 05:24:24 UTC] PHP Fatal error:  Out of memory (allocated 33554432 bytes) (tried to allocate 2097152 bytes) in /workspaces/UX221-Assignment-4/.wordpress/wp-includes/pluggable.php on line 1637
[05-Apr-2026 05:24:25 UTC] PHP Fatal error:  Out of memory (allocated 33554432 bytes) (tried to allocate 2097152 bytes) in /workspaces/UX221-Assignment-4/.wordpress/wp-includes/pluggable.php on line 1637
[05-Apr-2026 05:24:30 UTC] PHP Fatal error:  Out of memory (allocated 33554432 bytes) (tried to allocate 2097152 bytes) in /workspaces/UX221-Assignment-4/.wordpress/wp-includes/pluggable.php on line 1286
[05-Apr-2026 05:40:12 UTC] PHP Fatal error:  Out of memory (allocated 37748736 bytes) (tried to allocate 20480 bytes) in /workspaces/UX221-Assignment-4/.wordpress/wp-includes/global-styles-and-settings.php on line 238
[05-Apr-2026 05:45:36 UTC] PHP Warning:  Undefined variable $parent_theme_name in /workspaces/UX221-Assignment-4/.wordpress/wp-content/mu-plugins/one-click-child-theme/templates/create_child_form.php on line 18
[05-Apr-2026 05:50:04 UTC] PHP Warning:  Undefined variable $parent_theme_name in /workspaces/UX221-Assignment-4/.wordpress/wp-content/mu-plugins/one-click-child-theme/templates/create_child_form.php on line 18
[05-Apr-2026 06:06:24 UTC] PHP Fatal error:  Out of memory (allocated 48234496 bytes) (tried to allocate 2097152 bytes) in /workspaces/UX221-Assignment-4/.wordpress/wp-content/plugins/gutena-forms/vendor/freemius/includes/class-freemius.php on line 21499
[05-Apr-2026 06:06:25 UTC] PHP Fatal error:  Out of memory (allocated 41943040 bytes) (tried to allocate 2097152 bytes) in /workspaces/UX221-Assignment-4/.wordpress/wp-content/plugins/gutena-forms/vendor/freemius/includes/class-freemius.php on line 21499
[05-Apr-2026 06:06:25 UTC] PHP Fatal error:  Out of memory (allocated 37748736 bytes) (tried to allocate 2097152 bytes) in /workspaces/UX221-Assignment-4/.wordpress/wp-content/plugins/gutena-forms/vendor/freemius/includes/class-freemius.php on line 21499
[05-Apr-2026 06:06:25 UTC] PHP Fatal error:  Out of memory (allocated 35651584 bytes) (tried to allocate 2097152 bytes) in /workspaces/UX221-Assignment-4/.wordpress/wp-content/plugins/gutena-forms/vendor/freemius/includes/class-freemius.php on line 21499
[05-Apr-2026 06:06:26 UTC] PHP Fatal error:  Out of memory (allocated 35651584 bytes) (tried to allocate 2097152 bytes) in /workspaces/UX221-Assignment-4/.wordpress/wp-content/plugins/gutena-forms/vendor/freemius/includes/class-freemius.php on line 21499
[05-Apr-2026 06:06:26 UTC] PHP Fatal error:  Out of memory (allocated 35651584 bytes) (tried to allocate 2097152 bytes) in /workspaces/UX221-Assignment-4/.wordpress/wp-content/plugins/gutena-forms/vendor/freemius/includes/class-freemius.php on line 21499
[05-Apr-2026 06:06:26 UTC] PHP Fatal error:  Out of memory (allocated 35651584 bytes) (tried to allocate 2097152 bytes) in /workspaces/UX221-Assignment-4/.wordpress/wp-content/plugins/gutena-forms/vendor/freemius/includes/class-freemius.php on line 21499
[05-Apr-2026 06:06:26 UTC] PHP Fatal error:  Out of memory (allocated 35651584 bytes) (tried to allocate 2097152 bytes) in /workspaces/UX221-Assignment-4/.wordpress/wp-content/plugins/gutena-forms/vendor/freemius/includes/class-freemius.php on line 21499
[05-Apr-2026 06:06:27 UTC] PHP Fatal error:  Out of memory (allocated 35651584 bytes) (tried to allocate 2097152 bytes) in /workspaces/UX221-Assignment-4/.wordpress/wp-content/plugins/gutena-forms/vendor/freemius/includes/class-freemius.php on line 21499
[05-Apr-2026 06:06:35 UTC] PHP Fatal error:  Out of memory (allocated 35651584 bytes) (tried to allocate 2097152 bytes) in /workspaces/UX221-Assignment-4/.wordpress/wp-content/plugins/gutena-forms/vendor/freemius/includes/class-freemius.php on line 20253
[05-Apr-2026 06:06:35 UTC] PHP Fatal error:  Out of memory (allocated 35651584 bytes) (tried to allocate 2097152 bytes) in /workspaces/UX221-Assignment-4/.wordpress/wp-includes/pluggable.php on line 41
[05-Apr-2026 06:08:03 UTC] PHP Fatal error:  Out of memory (allocated 33554432 bytes) (tried to allocate 2097152 bytes) in /workspaces/UX221-Assignment-4/.wordpress/wp-content/plugins/gutena-forms/vendor/freemius/includes/class-freemius.php on line 20253
[05-Apr-2026 06:08:03 UTC] PHP Fatal error:  Out of memory (allocated 33554432 bytes) (tried to allocate 2097152 bytes) in /workspaces/UX221-Assignment-4/.wordpress/wp-includes/pluggable.php on line 41
[05-Apr-2026 06:08:10 UTC] PHP Fatal error:  Out of memory (allocated 33554432 bytes) (tried to allocate 2097152 bytes) in /workspaces/UX221-Assignment-4/.wordpress/wp-content/plugins/gutena-forms/vendor/freemius/includes/class-freemius.php on line 21499
[05-Apr-2026 06:08:10 UTC] PHP Fatal error:  Out of memory (allocated 33554432 bytes) (tried to allocate 4096 bytes) in /workspaces/UX221-Assignment-4/.wordpress/wp-content/languages/en_CA.l10n.php on line 238
[05-Apr-2026 06:08:13 UTC] PHP Fatal error:  Out of memory (allocated 33554432 bytes) (tried to allocate 2097152 bytes) in /workspaces/UX221-Assignment-4/.wordpress/wp-content/plugins/gutena-forms/vendor/freemius/includes/class-freemius.php on line 20253
[05-Apr-2026 06:08:13 UTC] PHP Fatal error:  Out of memory (allocated 33554432 bytes) (tried to allocate 2097152 bytes) in /workspaces/UX221-Assignment-4/.wordpress/wp-includes/pluggable.php on line 41
[05-Apr-2026 06:08:16 UTC] PHP Fatal error:  Out of memory (allocated 33554432 bytes) (tried to allocate 2097152 bytes) in /workspaces/UX221-Assignment-4/.wordpress/wp-content/plugins/gutena-forms/vendor/freemius/includes/class-freemius.php on line 20295
[05-Apr-2026 06:08:25 UTC] PHP Warning:  require_once(/workspaces/UX221-Assignment-4/.wordpress/wp-content/plugins/gutena-forms/vendor/freemius/includes/class-freemius.php): Failed to open stream: No such file or directory in /workspaces/UX221-Assignment-4/.wordpress/wp-content/plugins/gutena-forms/vendor/freemius/require.php on line 62
[05-Apr-2026 06:08:25 UTC] PHP Fatal error:  Uncaught Error: Failed opening required '/workspaces/UX221-Assignment-4/.wordpress/wp-content/plugins/gutena-forms/vendor/freemius/includes/class-freemius.php' (include_path='.:') in /workspaces/UX221-Assignment-4/.wordpress/wp-content/plugins/gutena-forms/vendor/freemius/require.php:62
Stack trace:
#0 /workspaces/UX221-Assignment-4/.wordpress/wp-content/plugins/gutena-forms/vendor/freemius/start.php(584): require_once()
#1 /workspaces/UX221-Assignment-4/.wordpress/wp-content/plugins/gutena-forms/gutena-forms.php(97): require_once('/workspaces/UX2...')
#2 /workspaces/UX221-Assignment-4/.wordpress/wp-content/plugins/gutena-forms/gutena-forms.php(121): gutena_forms__fs()
#3 /workspaces/UX221-Assignment-4/.wordpress/wp-settings.php(560): include_once('/workspaces/UX2...')
#4 /workspaces/UX221-Assignment-4/.wordpress/wp-config.php(107): require_once('/workspaces/UX2...')
#5 /workspaces/UX221-Assignment-4/.wordpress/wp-load.php(50): require_once('/workspaces/UX2...')
#6 /workspaces/UX221-Assignment-4/.wordpress/wp-admin/admin-ajax.php(22): require_once('/workspaces/UX2...')
#7 {main}
  thrown in /workspaces/UX221-Assignment-4/.wordpress/wp-content/plugins/gutena-forms/vendor/freemius/require.php on line 62
[05-Apr-2026 06:08:25 UTC] PHP Fatal error:  Out of memory (allocated 33554432 bytes) (tried to allocate 2097152 bytes) in /workspaces/UX221-Assignment-4/.wordpress/wp-includes/PHPMailer/SMTP.php on line 624
[05-Apr-2026 06:08:33 UTC] PHP Warning:  require_once(/workspaces/UX221-Assignment-4/.wordpress/wp-content/plugins/gutena-forms/vendor/freemius/includes/class-freemius.php): Failed to open stream: No such file or directory in /workspaces/UX221-Assignment-4/.wordpress/wp-content/plugins/gutena-forms/vendor/freemius/require.php on line 62
[05-Apr-2026 06:08:33 UTC] PHP Fatal error:  Uncaught Error: Failed opening required '/workspaces/UX221-Assignment-4/.wordpress/wp-content/plugins/gutena-forms/vendor/freemius/includes/class-freemius.php' (include_path='.:') in /workspaces/UX221-Assignment-4/.wordpress/wp-content/plugins/gutena-forms/vendor/freemius/require.php:62
Stack trace:
#0 /workspaces/UX221-Assignment-4/.wordpress/wp-content/plugins/gutena-forms/vendor/freemius/start.php(584): require_once()
#1 /workspaces/UX221-Assignment-4/.wordpress/wp-content/plugins/gutena-forms/gutena-forms.php(97): require_once('/workspaces/UX2...')
#2 /workspaces/UX221-Assignment-4/.wordpress/wp-content/plugins/gutena-forms/gutena-forms.php(121): gutena_forms__fs()
#3 /workspaces/UX221-Assignment-4/.wordpress/wp-settings.php(560): include_once('/workspaces/UX2...')
#4 /workspaces/UX221-Assignment-4/.wordpress/wp-config.php(107): require_once('/workspaces/UX2...')
#5 /workspaces/UX221-Assignment-4/.wordpress/wp-load.php(50): require_once('/workspaces/UX2...')
#6 /workspaces/UX221-Assignment-4/.wordpress/wp-admin/admin-ajax.php(22): require_once('/workspaces/UX2...')
#7 {main}
  thrown in /workspaces/UX221-Assignment-4/.wordpress/wp-content/plugins/gutena-forms/vendor/freemius/require.php on line 62
[05-Apr-2026 06:08:36 UTC] PHP Warning:  require_once(/workspaces/UX221-Assignment-4/.wordpress/wp-content/plugins/gutena-forms/vendor/freemius/includes/class-freemius.php): Failed to open stream: No such file or directory in /workspaces/UX221-Assignment-4/.wordpress/wp-content/plugins/gutena-forms/vendor/freemius/require.php on line 62
[05-Apr-2026 06:08:36 UTC] PHP Fatal error:  Uncaught Error: Failed opening required '/workspaces/UX221-Assignment-4/.wordpress/wp-content/plugins/gutena-forms/vendor/freemius/includes/class-freemius.php' (include_path='.:') in /workspaces/UX221-Assignment-4/.wordpress/wp-content/plugins/gutena-forms/vendor/freemius/require.php:62
Stack trace:
#0 /workspaces/UX221-Assignment-4/.wordpress/wp-content/plugins/gutena-forms/vendor/freemius/start.php(584): require_once()
#1 /workspaces/UX221-Assignment-4/.wordpress/wp-content/plugins/gutena-forms/gutena-forms.php(97): require_once('/workspaces/UX2...')
#2 /workspaces/UX221-Assignment-4/.wordpress/wp-content/plugins/gutena-forms/gutena-forms.php(121): gutena_forms__fs()
#3 /workspaces/UX221-Assignment-4/.wordpress/wp-settings.php(560): include_once('/workspaces/UX2...')
#4 /workspaces/UX221-Assignment-4/.wordpress/wp-config.php(107): require_once('/workspaces/UX2...')
#5 /workspaces/UX221-Assignment-4/.wordpress/wp-load.php(50): require_once('/workspaces/UX2...')
#6 /workspaces/UX221-Assignment-4/.wordpress/wp-admin/admin-ajax.php(22): require_once('/workspaces/UX2...')
#7 {main}
  thrown in /workspaces/UX221-Assignment-4/.wordpress/wp-content/plugins/gutena-forms/vendor/freemius/require.php on line 62
[05-Apr-2026 06:08:36 UTC] PHP Fatal error:  Out of memory (allocated 29360128 bytes) (tried to allocate 262144 bytes) in /workspaces/UX221-Assignment-4/.wordpress/wp-content/languages/en_CA.l10n.php on line 2
[05-Apr-2026 06:08:59 UTC] PHP Warning:  require_once(/workspaces/UX221-Assignment-4/.wordpress/wp-content/plugins/gutena-forms/vendor/freemius/includes/class-freemius.php): Failed to open stream: No such file or directory in /workspaces/UX221-Assignment-4/.wordpress/wp-content/plugins/gutena-forms/vendor/freemius/require.php on line 62
[05-Apr-2026 06:08:59 UTC] PHP Fatal error:  Uncaught Error: Failed opening required '/workspaces/UX221-Assignment-4/.wordpress/wp-content/plugins/gutena-forms/vendor/freemius/includes/class-freemius.php' (include_path='.:') in /workspaces/UX221-Assignment-4/.wordpress/wp-content/plugins/gutena-forms/vendor/freemius/require.php:62
Stack trace:
#0 /workspaces/UX221-Assignment-4/.wordpress/wp-content/plugins/gutena-forms/vendor/freemius/start.php(584): require_once()
#1 /workspaces/UX221-Assignment-4/.wordpress/wp-content/plugins/gutena-forms/gutena-forms.php(97): require_once('/workspaces/UX2...')
#2 /workspaces/UX221-Assignment-4/.wordpress/wp-content/plugins/gutena-forms/gutena-forms.php(121): gutena_forms__fs()
#3 /workspaces/UX221-Assignment-4/.wordpress/wp-settings.php(560): include_once('/workspaces/UX2...')
#4 /workspaces/UX221-Assignment-4/.wordpress/wp-config.php(107): require_once('/workspaces/UX2...')
#5 /workspaces/UX221-Assignment-4/.wordpress/wp-load.php(50): require_once('/workspaces/UX2...')
#6 /workspaces/UX221-Assignment-4/.wordpress/wp-blog-header.php(13): require_once('/workspaces/UX2...')
#7 /workspaces/UX221-Assignment-4/.wordpress/index.php(17): require('/workspaces/UX2...')
#8 {main}
  thrown in /workspaces/UX221-Assignment-4/.wordpress/wp-content/plugins/gutena-forms/vendor/freemius/require.php on line 62
[05-Apr-2026 06:09:13 UTC] PHP Warning:  require_once(/workspaces/UX221-Assignment-4/.wordpress/wp-content/plugins/gutena-forms/vendor/freemius/includes/class-freemius.php): Failed to open stream: No such file or directory in /workspaces/UX221-Assignment-4/.wordpress/wp-content/plugins/gutena-forms/vendor/freemius/require.php on line 62
[05-Apr-2026 06:09:13 UTC] PHP Fatal error:  Uncaught Error: Failed opening required '/workspaces/UX221-Assignment-4/.wordpress/wp-content/plugins/gutena-forms/vendor/freemius/includes/class-freemius.php' (include_path='.:') in /workspaces/UX221-Assignment-4/.wordpress/wp-content/plugins/gutena-forms/vendor/freemius/require.php:62
Stack trace:
#0 /workspaces/UX221-Assignment-4/.wordpress/wp-content/plugins/gutena-forms/vendor/freemius/start.php(584): require_once()
#1 /workspaces/UX221-Assignment-4/.wordpress/wp-content/plugins/gutena-forms/gutena-forms.php(97): require_once('/workspaces/UX2...')
#2 /workspaces/UX221-Assignment-4/.wordpress/wp-content/plugins/gutena-forms/gutena-forms.php(121): gutena_forms__fs()
#3 /workspaces/UX221-Assignment-4/.wordpress/wp-settings.php(560): include_once('/workspaces/UX2...')
#4 /workspaces/UX221-Assignment-4/.wordpress/wp-config.php(107): require_once('/workspaces/UX2...')
#5 /workspaces/UX221-Assignment-4/.wordpress/wp-load.php(50): require_once('/workspaces/UX2...')
#6 /workspaces/UX221-Assignment-4/.wordpress/wp-admin/admin-ajax.php(22): require_once('/workspaces/UX2...')
#7 {main}
  thrown in /workspaces/UX221-Assignment-4/.wordpress/wp-content/plugins/gutena-forms/vendor/freemius/require.php on line 62
[05-Apr-2026 06:09:14 UTC] PHP Warning:  require_once(/workspaces/UX221-Assignment-4/.wordpress/wp-content/plugins/gutena-forms/vendor/freemius/includes/class-freemius.php): Failed to open stream: No such file or directory in /workspaces/UX221-Assignment-4/.wordpress/wp-content/plugins/gutena-forms/vendor/freemius/require.php on line 62
[05-Apr-2026 06:09:14 UTC] PHP Fatal error:  Uncaught Error: Failed opening required '/workspaces/UX221-Assignment-4/.wordpress/wp-content/plugins/gutena-forms/vendor/freemius/includes/class-freemius.php' (include_path='.:') in /workspaces/UX221-Assignment-4/.wordpress/wp-content/plugins/gutena-forms/vendor/freemius/require.php:62
Stack trace:
#0 /workspaces/UX221-Assignment-4/.wordpress/wp-content/plugins/gutena-forms/vendor/freemius/start.php(584): require_once()
#1 /workspaces/UX221-Assignment-4/.wordpress/wp-content/plugins/gutena-forms/gutena-forms.php(97): require_once('/workspaces/UX2...')
#2 /workspaces/UX221-Assignment-4/.wordpress/wp-content/plugins/gutena-forms/gutena-forms.php(121): gutena_forms__fs()
#3 /workspaces/UX221-Assignment-4/.wordpress/wp-settings.php(560): include_once('/workspaces/UX2...')
#4 /workspaces/UX221-Assignment-4/.wordpress/wp-config.php(107): require_once('/workspaces/UX2...')
#5 /workspaces/UX221-Assignment-4/.wordpress/wp-load.php(50): require_once('/workspaces/UX2...')
#6 /workspaces/UX221-Assignment-4/.wordpress/wp-blog-header.php(13): require_once('/workspaces/UX2...')
#7 /workspaces/UX221-Assignment-4/.wordpress/index.php(17): require('/workspaces/UX2...')
#8 {main}
  thrown in /workspaces/UX221-Assignment-4/.wordpress/wp-content/plugins/gutena-forms/vendor/freemius/require.php on line 62
[05-Apr-2026 06:09:23 UTC] PHP Warning:  require_once(/workspaces/UX221-Assignment-4/.wordpress/wp-content/plugins/gutena-forms/vendor/freemius/includes/class-freemius.php): Failed to open stream: No such file or directory in /workspaces/UX221-Assignment-4/.wordpress/wp-content/plugins/gutena-forms/vendor/freemius/require.php on line 62
[05-Apr-2026 06:09:23 UTC] PHP Fatal error:  Uncaught Error: Failed opening required '/workspaces/UX221-Assignment-4/.wordpress/wp-content/plugins/gutena-forms/vendor/freemius/includes/class-freemius.php' (include_path='.:') in /workspaces/UX221-Assignment-4/.wordpress/wp-content/plugins/gutena-forms/vendor/freemius/require.php:62
Stack trace:
#0 /workspaces/UX221-Assignment-4/.wordpress/wp-content/plugins/gutena-forms/vendor/freemius/start.php(584): require_once()
#1 /workspaces/UX221-Assignment-4/.wordpress/wp-content/plugins/gutena-forms/gutena-forms.php(97): require_once('/workspaces/UX2...')
#2 /workspaces/UX221-Assignment-4/.wordpress/wp-content/plugins/gutena-forms/gutena-forms.php(121): gutena_forms__fs()
#3 /workspaces/UX221-Assignment-4/.wordpress/wp-settings.php(560): include_once('/workspaces/UX2...')
#4 /workspaces/UX221-Assignment-4/.wordpress/wp-config.php(107): require_once('/workspaces/UX2...')
#5 /workspaces/UX221-Assignment-4/.wordpress/wp-load.php(50): require_once('/workspaces/UX2...')
#6 /workspaces/UX221-Assignment-4/.wordpress/wp-admin/admin-ajax.php(22): require_once('/workspaces/UX2...')
#7 {main}
  thrown in /workspaces/UX221-Assignment-4/.wordpress/wp-content/plugins/gutena-forms/vendor/freemius/require.php on line 62
[05-Apr-2026 06:09:54 UTC] PHP Warning:  require_once(/workspaces/UX221-Assignment-4/.wordpress/wp-content/plugins/gutena-forms/vendor/freemius/includes/class-freemius.php): Failed to open stream: No such file or directory in /workspaces/UX221-Assignment-4/.wordpress/wp-content/plugins/gutena-forms/vendor/freemius/require.php on line 62
[05-Apr-2026 06:09:54 UTC] PHP Fatal error:  Uncaught Error: Failed opening required '/workspaces/UX221-Assignment-4/.wordpress/wp-content/plugins/gutena-forms/vendor/freemius/includes/class-freemius.php' (include_path='.:') in /workspaces/UX221-Assignment-4/.wordpress/wp-content/plugins/gutena-forms/vendor/freemius/require.php:62
Stack trace:
#0 /workspaces/UX221-Assignment-4/.wordpress/wp-content/plugins/gutena-forms/vendor/freemius/start.php(584): require_once()
#1 /workspaces/UX221-Assignment-4/.wordpress/wp-content/plugins/gutena-forms/gutena-forms.php(97): require_once('/workspaces/UX2...')
#2 /workspaces/UX221-Assignment-4/.wordpress/wp-content/plugins/gutena-forms/gutena-forms.php(121): gutena_forms__fs()
#3 /workspaces/UX221-Assignment-4/.wordpress/wp-settings.php(560): include_once('/workspaces/UX2...')
#4 /workspaces/UX221-Assignment-4/.wordpress/wp-config.php(107): require_once('/workspaces/UX2...')
#5 /workspaces/UX221-Assignment-4/.wordpress/wp-load.php(50): require_once('/workspaces/UX2...')
#6 /workspaces/UX221-Assignment-4/.wordpress/wp-blog-header.php(13): require_once('/workspaces/UX2...')
#7 /workspaces/UX221-Assignment-4/.wordpress/index.php(17): require('/workspaces/UX2...')
#8 {main}
  thrown in /workspaces/UX221-Assignment-4/.wordpress/wp-content/plugins/gutena-forms/vendor/freemius/require.php on line 62
[05-Apr-2026 06:10:09 UTC] PHP Warning:  require_once(/workspaces/UX221-Assignment-4/.wordpress/wp-content/plugins/gutena-forms/vendor/freemius/includes/class-freemius.php): Failed to open stream: No such file or directory in /workspaces/UX221-Assignment-4/.wordpress/wp-content/plugins/gutena-forms/vendor/freemius/require.php on line 62
[05-Apr-2026 06:10:09 UTC] PHP Fatal error:  Uncaught Error: Failed opening required '/workspaces/UX221-Assignment-4/.wordpress/wp-content/plugins/gutena-forms/vendor/freemius/includes/class-freemius.php' (include_path='.:') in /workspaces/UX221-Assignment-4/.wordpress/wp-content/plugins/gutena-forms/vendor/freemius/require.php:62
Stack trace:
#0 /workspaces/UX221-Assignment-4/.wordpress/wp-content/plugins/gutena-forms/vendor/freemius/start.php(584): require_once()
#1 /workspaces/UX221-Assignment-4/.wordpress/wp-content/plugins/gutena-forms/gutena-forms.php(97): require_once('/workspaces/UX2...')
#2 /workspaces/UX221-Assignment-4/.wordpress/wp-content/plugins/gutena-forms/gutena-forms.php(121): gutena_forms__fs()
#3 /workspaces/UX221-Assignment-4/.wordpress/wp-settings.php(560): include_once('/workspaces/UX2...')
#4 /workspaces/UX221-Assignment-4/.wordpress/wp-config.php(107): require_once('/workspaces/UX2...')
#5 /workspaces/UX221-Assignment-4/.wordpress/wp-load.php(50): require_once('/workspaces/UX2...')
#6 /workspaces/UX221-Assignment-4/.wordpress/wp-admin/admin-ajax.php(22): require_once('/workspaces/UX2...')
#7 {main}
  thrown in /workspaces/UX221-Assignment-4/.wordpress/wp-content/plugins/gutena-forms/vendor/freemius/require.php on line 62
[05-Apr-2026 06:10:14 UTC] PHP Warning:  require_once(/workspaces/UX221-Assignment-4/.wordpress/wp-content/plugins/gutena-forms/vendor/freemius/includes/class-freemius.php): Failed to open stream: No such file or directory in /workspaces/UX221-Assignment-4/.wordpress/wp-content/plugins/gutena-forms/vendor/freemius/require.php on line 62
[05-Apr-2026 06:10:14 UTC] PHP Fatal error:  Uncaught Error: Failed opening required '/workspaces/UX221-Assignment-4/.wordpress/wp-content/plugins/gutena-forms/vendor/freemius/includes/class-freemius.php' (include_path='.:') in /workspaces/UX221-Assignment-4/.wordpress/wp-content/plugins/gutena-forms/vendor/freemius/require.php:62
Stack trace:
#0 /workspaces/UX221-Assignment-4/.wordpress/wp-content/plugins/gutena-forms/vendor/freemius/start.php(584): require_once()
#1 /workspaces/UX221-Assignment-4/.wordpress/wp-content/plugins/gutena-forms/gutena-forms.php(97): require_once('/workspaces/UX2...')
#2 /workspaces/UX221-Assignment-4/.wordpress/wp-content/plugins/gutena-forms/gutena-forms.php(121): gutena_forms__fs()
#3 /workspaces/UX221-Assignment-4/.wordpress/wp-settings.php(560): include_once('/workspaces/UX2...')
#4 /workspaces/UX221-Assignment-4/.wordpress/wp-config.php(107): require_once('/workspaces/UX2...')
#5 /workspaces/UX221-Assignment-4/.wordpress/wp-load.php(50): require_once('/workspaces/UX2...')
#6 /workspaces/UX221-Assignment-4/.wordpress/wp-admin/admin-ajax.php(22): require_once('/workspaces/UX2...')
#7 {main}
  thrown in /workspaces/UX221-Assignment-4/.wordpress/wp-content/plugins/gutena-forms/vendor/freemius/require.php on line 62
[05-Apr-2026 06:10:22 UTC] PHP Warning:  require_once(/workspaces/UX221-Assignment-4/.wordpress/wp-content/plugins/gutena-forms/vendor/freemius/includes/class-freemius.php): Failed to open stream: No such file or directory in /workspaces/UX221-Assignment-4/.wordpress/wp-content/plugins/gutena-forms/vendor/freemius/require.php on line 62
[05-Apr-2026 06:10:22 UTC] PHP Fatal error:  Uncaught Error: Failed opening required '/workspaces/UX221-Assignment-4/.wordpress/wp-content/plugins/gutena-forms/vendor/freemius/includes/class-freemius.php' (include_path='.:') in /workspaces/UX221-Assignment-4/.wordpress/wp-content/plugins/gutena-forms/vendor/freemius/require.php:62
Stack trace:
#0 /workspaces/UX221-Assignment-4/.wordpress/wp-content/plugins/gutena-forms/vendor/freemius/start.php(584): require_once()
#1 /workspaces/UX221-Assignment-4/.wordpress/wp-content/plugins/gutena-forms/gutena-forms.php(97): require_once('/workspaces/UX2...')
#2 /workspaces/UX221-Assignment-4/.wordpress/wp-content/plugins/gutena-forms/gutena-forms.php(121): gutena_forms__fs()
#3 /workspaces/UX221-Assignment-4/.wordpress/wp-settings.php(560): include_once('/workspaces/UX2...')
#4 /workspaces/UX221-Assignment-4/.wordpress/wp-config.php(107): require_once('/workspaces/UX2...')
#5 /workspaces/UX221-Assignment-4/.wordpress/wp-load.php(50): require_once('/workspaces/UX2...')
#6 /workspaces/UX221-Assignment-4/.wordpress/wp-admin/admin-ajax.php(22): require_once('/workspaces/UX2...')
#7 {main}
  thrown in /workspaces/UX221-Assignment-4/.wordpress/wp-content/plugins/gutena-forms/vendor/freemius/require.php on line 62
[05-Apr-2026 06:11:09 UTC] PHP Warning:  require_once(/workspaces/UX221-Assignment-4/.wordpress/wp-content/plugins/gutena-forms/vendor/freemius/includes/class-freemius.php): Failed to open stream: No such file or directory in /workspaces/UX221-Assignment-4/.wordpress/wp-content/plugins/gutena-forms/vendor/freemius/require.php on line 62
[05-Apr-2026 06:11:09 UTC] PHP Fatal error:  Uncaught Error: Failed opening required '/workspaces/UX221-Assignment-4/.wordpress/wp-content/plugins/gutena-forms/vendor/freemius/includes/class-freemius.php' (include_path='.:') in /workspaces/UX221-Assignment-4/.wordpress/wp-content/plugins/gutena-forms/vendor/freemius/require.php:62
Stack trace:
#0 /workspaces/UX221-Assignment-4/.wordpress/wp-content/plugins/gutena-forms/vendor/freemius/start.php(584): require_once()
#1 /workspaces/UX221-Assignment-4/.wordpress/wp-content/plugins/gutena-forms/gutena-forms.php(97): require_once('/workspaces/UX2...')
#2 /workspaces/UX221-Assignment-4/.wordpress/wp-content/plugins/gutena-forms/gutena-forms.php(121): gutena_forms__fs()
#3 /workspaces/UX221-Assignment-4/.wordpress/wp-settings.php(560): include_once('/workspaces/UX2...')
#4 /workspaces/UX221-Assignment-4/.wordpress/wp-config.php(107): require_once('/workspaces/UX2...')
#5 /workspaces/UX221-Assignment-4/.wordpress/wp-load.php(50): require_once('/workspaces/UX2...')
#6 /workspaces/UX221-Assignment-4/.wordpress/wp-admin/admin-ajax.php(22): require_once('/workspaces/UX2...')
#7 {main}
  thrown in /workspaces/UX221-Assignment-4/.wordpress/wp-content/plugins/gutena-forms/vendor/freemius/require.php on line 62
[05-Apr-2026 06:11:15 UTC] PHP Warning:  require_once(/workspaces/UX221-Assignment-4/.wordpress/wp-content/plugins/gutena-forms/vendor/freemius/includes/class-freemius.php): Failed to open stream: No such file or directory in /workspaces/UX221-Assignment-4/.wordpress/wp-content/plugins/gutena-forms/vendor/freemius/require.php on line 62
[05-Apr-2026 06:11:15 UTC] PHP Fatal error:  Uncaught Error: Failed opening required '/workspaces/UX221-Assignment-4/.wordpress/wp-content/plugins/gutena-forms/vendor/freemius/includes/class-freemius.php' (include_path='.:') in /workspaces/UX221-Assignment-4/.wordpress/wp-content/plugins/gutena-forms/vendor/freemius/require.php:62
Stack trace:
#0 /workspaces/UX221-Assignment-4/.wordpress/wp-content/plugins/gutena-forms/vendor/freemius/start.php(584): require_once()
#1 /workspaces/UX221-Assignment-4/.wordpress/wp-content/plugins/gutena-forms/gutena-forms.php(97): require_once('/workspaces/UX2...')
#2 /workspaces/UX221-Assignment-4/.wordpress/wp-content/plugins/gutena-forms/gutena-forms.php(121): gutena_forms__fs()
#3 /workspaces/UX221-Assignment-4/.wordpress/wp-settings.php(560): include_once('/workspaces/UX2...')
#4 /workspaces/UX221-Assignment-4/.wordpress/wp-config.php(107): require_once('/workspaces/UX2...')
#5 /workspaces/UX221-Assignment-4/.wordpress/wp-load.php(50): require_once('/workspaces/UX2...')
#6 /workspaces/UX221-Assignment-4/.wordpress/wp-blog-header.php(13): require_once('/workspaces/UX2...')
#7 /workspaces/UX221-Assignment-4/.wordpress/index.php(17): require('/workspaces/UX2...')
#8 {main}
  thrown in /workspaces/UX221-Assignment-4/.wordpress/wp-content/plugins/gutena-forms/vendor/freemius/require.php on line 62
[05-Apr-2026 06:11:19 UTC] PHP Warning:  require_once(/workspaces/UX221-Assignment-4/.wordpress/wp-content/plugins/gutena-forms/vendor/freemius/includes/class-freemius.php): Failed to open stream: No such file or directory in /workspaces/UX221-Assignment-4/.wordpress/wp-content/plugins/gutena-forms/vendor/freemius/require.php on line 62
[05-Apr-2026 06:11:19 UTC] PHP Fatal error:  Uncaught Error: Failed opening required '/workspaces/UX221-Assignment-4/.wordpress/wp-content/plugins/gutena-forms/vendor/freemius/includes/class-freemius.php' (include_path='.:') in /workspaces/UX221-Assignment-4/.wordpress/wp-content/plugins/gutena-forms/vendor/freemius/require.php:62
Stack trace:
#0 /workspaces/UX221-Assignment-4/.wordpress/wp-content/plugins/gutena-forms/vendor/freemius/start.php(584): require_once()
#1 /workspaces/UX221-Assignment-4/.wordpress/wp-content/plugins/gutena-forms/gutena-forms.php(97): require_once('/workspaces/UX2...')
#2 /workspaces/UX221-Assignment-4/.wordpress/wp-content/plugins/gutena-forms/gutena-forms.php(121): gutena_forms__fs()
#3 /workspaces/UX221-Assignment-4/.wordpress/wp-settings.php(560): include_once('/workspaces/UX2...')
#4 /workspaces/UX221-Assignment-4/.wordpress/wp-config.php(107): require_once('/workspaces/UX2...')
#5 /workspaces/UX221-Assignment-4/.wordpress/wp-load.php(50): require_once('/workspaces/UX2...')
#6 /workspaces/UX221-Assignment-4/.wordpress/wp-admin/admin-ajax.php(22): require_once('/workspaces/UX2...')
#7 {main}
  thrown in /workspaces/UX221-Assignment-4/.wordpress/wp-content/plugins/gutena-forms/vendor/freemius/require.php on line 62
[05-Apr-2026 06:11:22 UTC] PHP Warning:  require_once(/workspaces/UX221-Assignment-4/.wordpress/wp-content/plugins/gutena-forms/vendor/freemius/includes/class-freemius.php): Failed to open stream: No such file or directory in /workspaces/UX221-Assignment-4/.wordpress/wp-content/plugins/gutena-forms/vendor/freemius/require.php on line 62
[05-Apr-2026 06:11:22 UTC] PHP Fatal error:  Uncaught Error: Failed opening required '/workspaces/UX221-Assignment-4/.wordpress/wp-content/plugins/gutena-forms/vendor/freemius/includes/class-freemius.php' (include_path='.:') in /workspaces/UX221-Assignment-4/.wordpress/wp-content/plugins/gutena-forms/vendor/freemius/require.php:62
Stack trace:
#0 /workspaces/UX221-Assignment-4/.wordpress/wp-content/plugins/gutena-forms/vendor/freemius/start.php(584): require_once()
#1 /workspaces/UX221-Assignment-4/.wordpress/wp-content/plugins/gutena-forms/gutena-forms.php(97): require_once('/workspaces/UX2...')
#2 /workspaces/UX221-Assignment-4/.wordpress/wp-content/plugins/gutena-forms/gutena-forms.php(121): gutena_forms__fs()
#3 /workspaces/UX221-Assignment-4/.wordpress/wp-settings.php(560): include_once('/workspaces/UX2...')
#4 /workspaces/UX221-Assignment-4/.wordpress/wp-config.php(107): require_once('/workspaces/UX2...')
#5 /workspaces/UX221-Assignment-4/.wordpress/wp-load.php(50): require_once('/workspaces/UX2...')
#6 /workspaces/UX221-Assignment-4/.wordpress/wp-admin/admin-ajax.php(22): require_once('/workspaces/UX2...')
#7 {main}
  thrown in /workspaces/UX221-Assignment-4/.wordpress/wp-content/plugins/gutena-forms/vendor/freemius/require.php on line 62
[05-Apr-2026 06:11:23 UTC] PHP Warning:  require_once(/workspaces/UX221-Assignment-4/.wordpress/wp-content/plugins/gutena-forms/vendor/freemius/includes/class-freemius.php): Failed to open stream: No such file or directory in /workspaces/UX221-Assignment-4/.wordpress/wp-content/plugins/gutena-forms/vendor/freemius/require.php on line 62
[05-Apr-2026 06:11:23 UTC] PHP Fatal error:  Uncaught Error: Failed opening required '/workspaces/UX221-Assignment-4/.wordpress/wp-content/plugins/gutena-forms/vendor/freemius/includes/class-freemius.php' (include_path='.:') in /workspaces/UX221-Assignment-4/.wordpress/wp-content/plugins/gutena-forms/vendor/freemius/require.php:62
Stack trace:
#0 /workspaces/UX221-Assignment-4/.wordpress/wp-content/plugins/gutena-forms/vendor/freemius/start.php(584): require_once()
#1 /workspaces/UX221-Assignment-4/.wordpress/wp-content/plugins/gutena-forms/gutena-forms.php(97): require_once('/workspaces/UX2...')
#2 /workspaces/UX221-Assignment-4/.wordpress/wp-content/plugins/gutena-forms/gutena-forms.php(121): gutena_forms__fs()
#3 /workspaces/UX221-Assignment-4/.wordpress/wp-settings.php(560): include_once('/workspaces/UX2...')
#4 /workspaces/UX221-Assignment-4/.wordpress/wp-config.php(107): require_once('/workspaces/UX2...')
#5 /workspaces/UX221-Assignment-4/.wordpress/wp-load.php(50): require_once('/workspaces/UX2...')
#6 /workspaces/UX221-Assignment-4/.wordpress/wp-admin/admin.php(35): require_once('/workspaces/UX2...')
#7 /workspaces/UX221-Assignment-4/.wordpress/wp-admin/edit.php(10): require_once('/workspaces/UX2...')
#8 {main}
  thrown in /workspaces/UX221-Assignment-4/.wordpress/wp-content/plugins/gutena-forms/vendor/freemius/require.php on line 62
[05-Apr-2026 06:12:51 UTC] PHP Warning:  require_once(/workspaces/UX221-Assignment-4/.wordpress/wp-content/plugins/gutena-forms/vendor/freemius/includes/class-freemius.php): Failed to open stream: No such file or directory in /workspaces/UX221-Assignment-4/.wordpress/wp-content/plugins/gutena-forms/vendor/freemius/require.php on line 62
[05-Apr-2026 06:12:51 UTC] PHP Fatal error:  Uncaught Error: Failed opening required '/workspaces/UX221-Assignment-4/.wordpress/wp-content/plugins/gutena-forms/vendor/freemius/includes/class-freemius.php' (include_path='.:') in /workspaces/UX221-Assignment-4/.wordpress/wp-content/plugins/gutena-forms/vendor/freemius/require.php:62
Stack trace:
#0 /workspaces/UX221-Assignment-4/.wordpress/wp-content/plugins/gutena-forms/vendor/freemius/start.php(584): require_once()
#1 /workspaces/UX221-Assignment-4/.wordpress/wp-content/plugins/gutena-forms/gutena-forms.php(97): require_once('/workspaces/UX2...')
#2 /workspaces/UX221-Assignment-4/.wordpress/wp-content/plugins/gutena-forms/gutena-forms.php(121): gutena_forms__fs()
#3 /workspaces/UX221-Assignment-4/.wordpress/wp-settings.php(560): include_once('/workspaces/UX2...')
#4 /workspaces/UX221-Assignment-4/.wordpress/wp-config.php(107): require_once('/workspaces/UX2...')
#5 /workspaces/UX221-Assignment-4/.wordpress/wp-load.php(50): require_once('/workspaces/UX2...')
#6 /workspaces/UX221-Assignment-4/.wordpress/wp-blog-header.php(13): require_once('/workspaces/UX2...')
#7 /workspaces/UX221-Assignment-4/.wordpress/index.php(17): require('/workspaces/UX2...')
#8 {main}
  thrown in /workspaces/UX221-Assignment-4/.wordpress/wp-content/plugins/gutena-forms/vendor/freemius/require.php on line 62
[05-Apr-2026 06:15:18 UTC] PHP Warning:  require_once(/workspaces/UX221-Assignment-4/.wordpress/wp-content/plugins/gutena-forms/vendor/freemius/includes/class-freemius.php): Failed to open stream: No such file or directory in /workspaces/UX221-Assignment-4/.wordpress/wp-content/plugins/gutena-forms/vendor/freemius/require.php on line 62
[05-Apr-2026 06:15:18 UTC] PHP Fatal error:  Uncaught Error: Failed opening required '/workspaces/UX221-Assignment-4/.wordpress/wp-content/plugins/gutena-forms/vendor/freemius/includes/class-freemius.php' (include_path='.:') in /workspaces/UX221-Assignment-4/.wordpress/wp-content/plugins/gutena-forms/vendor/freemius/require.php:62
Stack trace:
#0 /workspaces/UX221-Assignment-4/.wordpress/wp-content/plugins/gutena-forms/vendor/freemius/start.php(584): require_once()
#1 /workspaces/UX221-Assignment-4/.wordpress/wp-content/plugins/gutena-forms/gutena-forms.php(97): require_once('/workspaces/UX2...')
#2 /workspaces/UX221-Assignment-4/.wordpress/wp-content/plugins/gutena-forms/gutena-forms.php(121): gutena_forms__fs()
#3 /workspaces/UX221-Assignment-4/.wordpress/wp-settings.php(560): include_once('/workspaces/UX2...')
#4 /workspaces/UX221-Assignment-4/.wordpress/wp-config.php(107): require_once('/workspaces/UX2...')
#5 /workspaces/UX221-Assignment-4/.wordpress/wp-load.php(50): require_once('/workspaces/UX2...')
#6 /workspaces/UX221-Assignment-4/.wordpress/wp-blog-header.php(13): require_once('/workspaces/UX2...')
#7 /workspaces/UX221-Assignment-4/.wordpress/index.php(17): require('/workspaces/UX2...')
#8 {main}
  thrown in /workspaces/UX221-Assignment-4/.wordpress/wp-content/plugins/gutena-forms/vendor/freemius/require.php on line 62
[05-Apr-2026 06:19:44 UTC] PHP Warning:  file_get_contents(/workspaces/UX221-Assignment-4/.wordpress/wp-content/plugins/gutena-forms/gutena-forms.php): Failed to open stream: No such file or directory in /workspaces/UX221-Assignment-4/.wordpress/wp-includes/functions.php on line 6910
[05-Apr-2026 06:19:44 UTC] PHP Warning:  include_once(/workspaces/UX221-Assignment-4/.wordpress/wp-content/plugins/gutena-forms/gutena-forms.php): Failed to open stream: No such file or directory in /workspaces/UX221-Assignment-4/.wordpress/wp-settings.php on line 560
[05-Apr-2026 06:19:44 UTC] PHP Warning:  include_once(): Failed opening '/workspaces/UX221-Assignment-4/.wordpress/wp-content/plugins/gutena-forms/gutena-forms.php' for inclusion (include_path='.:') in /workspaces/UX221-Assignment-4/.wordpress/wp-settings.php on line 560
[05-Apr-2026 06:19:45 UTC] PHP Warning:  file_get_contents(/workspaces/UX221-Assignment-4/.wordpress/wp-content/plugins/gutena-forms/gutena-forms.php): Failed to open stream: No such file or directory in /workspaces/UX221-Assignment-4/.wordpress/wp-includes/functions.php on line 6910
[05-Apr-2026 06:19:45 UTC] PHP Warning:  include_once(/workspaces/UX221-Assignment-4/.wordpress/wp-content/plugins/gutena-forms/gutena-forms.php): Failed to open stream: No such file or directory in /workspaces/UX221-Assignment-4/.wordpress/wp-settings.php on line 560
[05-Apr-2026 06:19:45 UTC] PHP Warning:  include_once(): Failed opening '/workspaces/UX221-Assignment-4/.wordpress/wp-content/plugins/gutena-forms/gutena-forms.php' for inclusion (include_path='.:') in /workspaces/UX221-Assignment-4/.wordpress/wp-settings.php on line 560
[05-Apr-2026 06:19:52 UTC] PHP Warning:  file_get_contents(/workspaces/UX221-Assignment-4/.wordpress/wp-content/plugins/gutena-forms/gutena-forms.php): Failed to open stream: No such file or directory in /workspaces/UX221-Assignment-4/.wordpress/wp-includes/functions.php on line 6910
[05-Apr-2026 06:19:52 UTC] PHP Warning:  include_once(/workspaces/UX221-Assignment-4/.wordpress/wp-content/plugins/gutena-forms/gutena-forms.php): Failed to open stream: No such file or directory in /workspaces/UX221-Assignment-4/.wordpress/wp-settings.php on line 560
[05-Apr-2026 06:19:52 UTC] PHP Warning:  include_once(): Failed opening '/workspaces/UX221-Assignment-4/.wordpress/wp-content/plugins/gutena-forms/gutena-forms.php' for inclusion (include_path='.:') in /workspaces/UX221-Assignment-4/.wordpress/wp-settings.php on line 560
[05-Apr-2026 06:19:55 UTC] PHP Warning:  file_get_contents(/workspaces/UX221-Assignment-4/.wordpress/wp-content/plugins/gutena-forms/gutena-forms.php): Failed to open stream: No such file or directory in /workspaces/UX221-Assignment-4/.wordpress/wp-includes/functions.php on line 6910
[05-Apr-2026 06:19:55 UTC] PHP Warning:  include_once(/workspaces/UX221-Assignment-4/.wordpress/wp-content/plugins/gutena-forms/gutena-forms.php): Failed to open stream: No such file or directory in /workspaces/UX221-Assignment-4/.wordpress/wp-settings.php on line 560
[05-Apr-2026 06:19:55 UTC] PHP Warning:  include_once(): Failed opening '/workspaces/UX221-Assignment-4/.wordpress/wp-content/plugins/gutena-forms/gutena-forms.php' for inclusion (include_path='.:') in /workspaces/UX221-Assignment-4/.wordpress/wp-settings.php on line 560
[05-Apr-2026 06:19:55 UTC] PHP Warning:  Cannot modify header information - headers already sent by (output started at /workspaces/UX221-Assignment-4/.wordpress/wp-includes/functions.php:6910) in /workspaces/UX221-Assignment-4/.wordpress/wp-includes/pluggable.php on line 1531
[05-Apr-2026 06:19:55 UTC] PHP Warning:  Cannot modify header information - headers already sent by (output started at /workspaces/UX221-Assignment-4/.wordpress/wp-includes/functions.php:6910) in /workspaces/UX221-Assignment-4/.wordpress/wp-includes/pluggable.php on line 1534
[05-Apr-2026 06:20:11 UTC] PHP Warning:  file_get_contents(/workspaces/UX221-Assignment-4/.wordpress/wp-content/plugins/gutena-forms/gutena-forms.php): Failed to open stream: No such file or directory in /workspaces/UX221-Assignment-4/.wordpress/wp-includes/functions.php on line 6910
[05-Apr-2026 06:20:11 UTC] PHP Warning:  include_once(/workspaces/UX221-Assignment-4/.wordpress/wp-content/plugins/gutena-forms/gutena-forms.php): Failed to open stream: No such file or directory in /workspaces/UX221-Assignment-4/.wordpress/wp-settings.php on line 560
[05-Apr-2026 06:20:11 UTC] PHP Warning:  include_once(): Failed opening '/workspaces/UX221-Assignment-4/.wordpress/wp-content/plugins/gutena-forms/gutena-forms.php' for inclusion (include_path='.:') in /workspaces/UX221-Assignment-4/.wordpress/wp-settings.php on line 560
[05-Apr-2026 06:44:26 UTC] PHP Fatal error:  Out of memory (allocated 39845888 bytes) (tried to allocate 2097152 bytes) in /workspaces/UX221-Assignment-4/.wordpress/wp-content/plugins/ecommerce-product-catalog/templates/theme-integration.php on line 126
[05-Apr-2026 06:44:26 UTC] PHP Fatal error:  Out of memory (allocated 39845888 bytes) (tried to allocate 2097152 bytes) in /workspaces/UX221-Assignment-4/.wordpress/wp-includes/Requests/src/Cookie/Jar.php on line 32
[05-Apr-2026 06:44:38 UTC] PHP Fatal error:  Out of memory (allocated 35651584 bytes) (tried to allocate 2097152 bytes) in /workspaces/UX221-Assignment-4/.wordpress/wp-content/plugins/ecommerce-product-catalog/templates/theme-integration.php on line 33
[05-Apr-2026 06:44:38 UTC] PHP Fatal error:  Out of memory (allocated 35651584 bytes) (tried to allocate 2097152 bytes) in /workspaces/UX221-Assignment-4/.wordpress/wp-includes/Requests/src/Cookie/Jar.php on line 32
